21 нояб. 2020 12:53:52,916 [main] DEBUG ru.sfedu.course_project.AppClient - Client[0]: starting application...
21 нояб. 2020 12:53:52,926 [main] INFO  ru.sfedu.course_project.AppClient - Operation User Name: DENIS GRIDIN
21 нояб. 2020 12:53:52,926 [main] DEBUG ru.sfedu.course_project.AppClient - Operating System: Windows 10 10.0
21 нояб. 2020 12:53:52,926 [main] INFO  ru.sfedu.course_project.AppClient - JRE: 11.0.6
21 нояб. 2020 12:53:52,926 [main] WARN  ru.sfedu.course_project.AppClient - Java Launched From: C:\Program Files\AdoptOpenJDK\jdk-11.0.6.10-hotspot
21 нояб. 2020 12:53:52,926 [main] ERROR ru.sfedu.course_project.AppClient - Class Path: C:\Program Files\JetBrains\IntelliJ IDEA Community Edition 2020.1.3\lib\idea_rt.jar;C:\Users\Lenovo\.m2\repository\org\junit\platform\junit-platform-launcher\1.7.0\junit-platform-launcher-1.7.0.jar;C:\Program Files\JetBrains\IntelliJ IDEA Community Edition 2020.1.3\plugins\junit\lib\junit5-rt.jar;C:\Program Files\JetBrains\IntelliJ IDEA Community Edition 2020.1.3\plugins\junit\lib\junit-rt.jar;D:\Универ\CourseProject\target\test-classes;D:\Универ\CourseProject\target\classes;C:\Users\Lenovo\.m2\repository\org\apache\maven\plugins\maven-compiler-plugin\3.8.1\maven-compiler-plugin-3.8.1.jar;C:\Users\Lenovo\.m2\repository\org\apache\maven\maven-plugin-api\3.0\maven-plugin-api-3.0.jar;C:\Users\Lenovo\.m2\repository\org\apache\maven\maven-model\3.0\maven-model-3.0.jar;C:\Users\Lenovo\.m2\repository\org\sonatype\sisu\sisu-inject-plexus\1.4.2\sisu-inject-plexus-1.4.2.jar;C:\Users\Lenovo\.m2\repository\org\sonatype\sisu\sisu-inject-bean\1.4.2\sisu-inject-bean-1.4.2.jar;C:\Users\Lenovo\.m2\repository\org\sonatype\sisu\sisu-guice\2.1.7\sisu-guice-2.1.7-noaop.jar;C:\Users\Lenovo\.m2\repository\org\apache\maven\maven-artifact\3.0\maven-artifact-3.0.jar;C:\Users\Lenovo\.m2\repository\org\codehaus\plexus\plexus-utils\2.0.4\plexus-utils-2.0.4.jar;C:\Users\Lenovo\.m2\repository\org\apache\maven\maven-core\3.0\maven-core-3.0.jar;C:\Users\Lenovo\.m2\repository\org\apache\maven\maven-settings\3.0\maven-settings-3.0.jar;C:\Users\Lenovo\.m2\repository\org\apache\maven\maven-settings-builder\3.0\maven-settings-builder-3.0.jar;C:\Users\Lenovo\.m2\repository\org\apache\maven\maven-repository-metadata\3.0\maven-repository-metadata-3.0.jar;C:\Users\Lenovo\.m2\repository\org\apache\maven\maven-model-builder\3.0\maven-model-builder-3.0.jar;C:\Users\Lenovo\.m2\repository\org\apache\maven\maven-aether-provider\3.0\maven-aether-provider-3.0.jar;C:\Users\Lenovo\.m2\repository\org\sonatype\aether\aether-impl\1.7\aether-impl-1.7.jar;C:\Users\Lenovo\.m2\repository\org\sonatype\aether\aether-spi\1.7\aether-spi-1.7.jar;C:\Users\Lenovo\.m2\repository\org\sonatype\aether\aether-api\1.7\aether-api-1.7.jar;C:\Users\Lenovo\.m2\repository\org\sonatype\aether\aether-util\1.7\aether-util-1.7.jar;C:\Users\Lenovo\.m2\repository\org\codehaus\plexus\plexus-interpolation\1.14\plexus-interpolation-1.14.jar;C:\Users\Lenovo\.m2\repository\org\codehaus\plexus\plexus-classworlds\2.2.3\plexus-classworlds-2.2.3.jar;C:\Users\Lenovo\.m2\repository\org\codehaus\plexus\plexus-component-annotations\1.5.5\plexus-component-annotations-1.5.5.jar;C:\Users\Lenovo\.m2\repository\org\sonatype\plexus\plexus-sec-dispatcher\1.3\plexus-sec-dispatcher-1.3.jar;C:\Users\Lenovo\.m2\repository\org\sonatype\plexus\plexus-cipher\1.4\plexus-cipher-1.4.jar;C:\Users\Lenovo\.m2\repository\org\apache\maven\shared\maven-shared-utils\3.2.1\maven-shared-utils-3.2.1.jar;C:\Users\Lenovo\.m2\repository\commons-io\commons-io\2.5\commons-io-2.5.jar;C:\Users\Lenovo\.m2\repository\org\apache\maven\shared\maven-shared-incremental\1.1\maven-shared-incremental-1.1.jar;C:\Users\Lenovo\.m2\repository\org\codehaus\plexus\plexus-java\0.9.10\plexus-java-0.9.10.jar;C:\Users\Lenovo\.m2\repository\org\ow2\asm\asm\6.2\asm-6.2.jar;C:\Users\Lenovo\.m2\repository\com\thoughtworks\qdox\qdox\2.0-M8\qdox-2.0-M8.jar;C:\Users\Lenovo\.m2\repository\org\codehaus\plexus\plexus-compiler-api\2.8.4\plexus-compiler-api-2.8.4.jar;C:\Users\Lenovo\.m2\repository\org\codehaus\plexus\plexus-compiler-manager\2.8.4\plexus-compiler-manager-2.8.4.jar;C:\Users\Lenovo\.m2\repository\org\codehaus\plexus\plexus-compiler-javac\2.8.4\plexus-compiler-javac-2.8.4.jar;C:\Users\Lenovo\.m2\repository\com\opencsv\opencsv\4.6\opencsv-4.6.jar;C:\Users\Lenovo\.m2\repository\org\apache\commons\commons-lang3\3.8.1\commons-lang3-3.8.1.jar;C:\Users\Lenovo\.m2\repository\org\apache\commons\commons-text\1.3\commons-text-1.3.jar;C:\Users\Lenovo\.m2\repository\commons-beanutils\commons-beanutils\1.9.3\commons-beanutils-1.9.3.jar;C:\Users\Lenovo\.m2\repository\commons-logging\commons-logging\1.2\commons-logging-1.2.jar;C:\Users\Lenovo\.m2\repository\commons-collections\commons-collections\3.2.2\commons-collections-3.2.2.jar;C:\Users\Lenovo\.m2\repository\org\apache\commons\commons-collections4\4.2\commons-collections4-4.2.jar;C:\Users\Lenovo\.m2\repository\org\apache\logging\log4j\log4j-api\2.13.3\log4j-api-2.13.3.jar;C:\Users\Lenovo\.m2\repository\org\apache\logging\log4j\log4j-core\2.13.3\log4j-core-2.13.3.jar;C:\Users\Lenovo\.m2\repository\org\junit\jupiter\junit-jupiter\5.7.0\junit-jupiter-5.7.0.jar;C:\Users\Lenovo\.m2\repository\org\junit\jupiter\junit-jupiter-api\5.7.0\junit-jupiter-api-5.7.0.jar;C:\Users\Lenovo\.m2\repository\org\apiguardian\apiguardian-api\1.1.0\apiguardian-api-1.1.0.jar;C:\Users\Lenovo\.m2\repository\org\opentest4j\opentest4j\1.2.0\opentest4j-1.2.0.jar;C:\Users\Lenovo\.m2\repository\org\junit\platform\junit-platform-commons\1.7.0\junit-platform-commons-1.7.0.jar;C:\Users\Lenovo\.m2\repository\org\junit\jupiter\junit-jupiter-params\5.7.0\junit-jupiter-params-5.7.0.jar;C:\Users\Lenovo\.m2\repository\org\junit\jupiter\junit-jupiter-engine\5.7.0\junit-jupiter-engine-5.7.0.jar;C:\Users\Lenovo\.m2\repository\org\junit\platform\junit-platform-engine\1.7.0\junit-platform-engine-1.7.0.jar
21 нояб. 2020 12:53:52,928 [main] FATAL ru.sfedu.course_project.AppClient - Library Path: C:\Program Files\AdoptOpenJDK\jdk-11.0.6.10-hotspot\bin;C:\Windows\Sun\Java\bin;C:\Windows\system32;C:\Windows;C:\Program Files\AdoptOpenJDK\jdk-11.0.6.10-hotspot\bin;C:\Program Files (x86)\Common Files\Oracle\Java\javapath;C:\Python27\;C:\Python27\Scripts;C:\Windows\system32;C:\Windows;C:\Windows\System32\Wbem;C:\Windows\System32\WindowsPowerShell\v1.0\;C:\Windows\System32\OpenSSH\;C:\Program Files\nodejs\;C:\ProgramData\chocolatey\bin;C:\Program Files\Git\cmd;C:\Program Files (x86)\Microsoft SQL Server\150\DTS\Binn\;C:\MongoDB\Shell\bin;C:\Program Files (x86)\Yarn\bin\;C:\Program Files\Docker\Docker\resources\bin;C:\ProgramData\DockerDesktop\version-bin;C:\Program Files\Microsoft SQL Server\Client SDK\ODBC\170\Tools\Binn\;C:\Program Files (x86)\Microsoft SQL Server\150\Tools\Binn\;C:\Program Files\Microsoft SQL Server\150\Tools\Binn\;C:\Program Files\Microsoft SQL Server\150\DTS\Binn\;C:\Program Files\apache-maven-3.6.3\bin;C:\Users\Lenovo\AppData\Local\Programs\Python\Python38-32\Scripts\;C:\Users\Lenovo\AppData\Local\Programs\Python\Python38-32\;C:\Users\Lenovo\AppData\Local\Microsoft\WindowsApps;C:\Program Files\JetBrains\WebStorm 2019.3.1\bin;;C:\Users\Lenovo\AppData\Roaming\npm;C:\Program Files\JetBrains\PyCharm 2019.3.3\bin;;C:\Users\Lenovo\AppData\Local\Programs\Microsoft VS Code\bin;C:\Program Files\heroku\bin;C:\MongoDB\Shell\bin;C:\Users\Lenovo\AppData\Local\Yarn\bin;C:\Program Files\JetBrains\IntelliJ IDEA Community Edition 2020.1.3\bin;;.
21 нояб. 2020 12:53:52,929 [main] INFO  ru.sfedu.course_project.AppClient - User Home Directory: C:\Users\Lenovo
21 нояб. 2020 12:53:52,929 [main] INFO  ru.sfedu.course_project.AppClient - User Working Directory: D:\Универ\CourseProject
21 нояб. 2020 12:53:52,930 [main] INFO  ru.sfedu.course_project.AppClient - Test INFO logging.
21 нояб. 2020 12:58:23,924 [main] DEBUG ru.sfedu.course_project.api.DataProviderCSV - java.io.FileWriter@1a760689
21 нояб. 2020 13:38:29,496 [main] DEBUG ru.sfedu.course_project.api.DataProviderCSV - ./src/main/resources/data/csv/presentation.csv
21 нояб. 2020 13:39:51,386 [main] DEBUG ru.sfedu.course_project.api.DataProviderCSV - java.io.FileReader@4f1bfe23
21 нояб. 2020 13:40:43,191 [main] DEBUG ru.sfedu.course_project.api.DataProviderCSV - java.io.FileReader@691939c9
21 нояб. 2020 13:40:43,205 [main] DEBUG ru.sfedu.course_project.api.DataProviderCSV - com.opencsv.CSVReader@35229f85
21 нояб. 2020 13:40:43,325 [main] DEBUG ru.sfedu.course_project.api.DataProviderCSV - com.opencsv.bean.CsvToBean@c35172e
21 нояб. 2020 13:41:16,629 [main] DEBUG ru.sfedu.course_project.api.DataProviderCSV - java.io.FileReader@691939c9
21 нояб. 2020 13:41:16,646 [main] DEBUG ru.sfedu.course_project.api.DataProviderCSV - com.opencsv.CSVReader@35229f85
21 нояб. 2020 13:41:16,782 [main] DEBUG ru.sfedu.course_project.api.DataProviderCSV - com.opencsv.bean.CsvToBean@c35172e
21 нояб. 2020 15:20:55,016 [main] DEBUG ru.sfedu.course_project.api.DataProviderCSV - java.io.FileWriter@2250b9f2
21 нояб. 2020 15:22:56,490 [main] DEBUG ru.sfedu.course_project.api.DataProviderCSV - java.io.FileWriter@2250b9f2
21 нояб. 2020 15:25:14,575 [main] DEBUG ru.sfedu.course_project.api.DataProviderCSV - java.io.FileWriter@2250b9f2
21 нояб. 2020 15:31:07,439 [main] DEBUG ru.sfedu.course_project.api.DataProviderCSV - java.io.FileWriter@7e3181aa
21 нояб. 2020 15:31:35,889 [main] DEBUG ru.sfedu.course_project.api.DataProviderCSV - java.io.FileReader@691939c9
21 нояб. 2020 15:31:35,901 [main] DEBUG ru.sfedu.course_project.api.DataProviderCSV - com.opencsv.CSVReader@35229f85
21 нояб. 2020 15:31:36,008 [main] DEBUG ru.sfedu.course_project.api.DataProviderCSV - com.opencsv.bean.CsvToBean@c35172e
21 нояб. 2020 15:34:38,576 [main] DEBUG ru.sfedu.course_project.api.DataProviderCSV - com.opencsv.bean.CsvToBean@7e5d9a50
21 нояб. 2020 15:37:37,647 [main] DEBUG ru.sfedu.course_project.api.DataProviderCSV - com.opencsv.bean.CsvToBean@7e7b159b
21 нояб. 2020 15:38:02,524 [main] DEBUG ru.sfedu.course_project.api.DataProviderCSV - com.opencsv.bean.CsvToBean@7e7b159b
21 нояб. 2020 15:43:00,996 [main] DEBUG ru.sfedu.course_project.api.DataProviderCSV - com.opencsv.bean.CsvToBean@7e7b159b
21 нояб. 2020 16:26:30,097 [main] DEBUG ru.sfedu.course_project.api.DataProviderCSV - com.opencsv.bean.CsvToBean@7e7b159b
21 нояб. 2020 16:28:36,530 [main] DEBUG ru.sfedu.course_project.api.DataProviderCSV - com.opencsv.bean.CsvToBean@7e5d9a50
21 нояб. 2020 16:32:16,731 [main] DEBUG ru.sfedu.course_project.api.DataProviderCSV - java.io.FileWriter@7e3181aa
21 нояб. 2020 16:33:45,870 [main] DEBUG ru.sfedu.course_project.api.DataProviderCSV - java.io.FileWriter@2250b9f2
21 нояб. 2020 16:36:30,274 [main] DEBUG ru.sfedu.course_project.api.DataProviderCSV - com.opencsv.bean.CsvToBean@7e7b159b
21 нояб. 2020 16:40:01,749 [main] DEBUG ru.sfedu.course_project.api.DataProviderCSV - com.opencsv.bean.CsvToBean@7e7b159b
21 нояб. 2020 16:42:08,323 [main] DEBUG ru.sfedu.course_project.api.DataProviderCSV - com.opencsv.bean.CsvToBean@23fb172e
21 нояб. 2020 16:45:15,942 [main] DEBUG ru.sfedu.course_project.api.DataProviderCSV - com.opencsv.bean.CsvToBean@7e7b159b
21 нояб. 2020 16:45:31,599 [main] DEBUG ru.sfedu.course_project.api.DataProviderCSV - com.opencsv.bean.CsvToBean@7e7b159b
21 нояб. 2020 17:00:34,833 [main] DEBUG ru.sfedu.course_project.api.DataProviderCSV - java.io.FileWriter@2250b9f2
21 нояб. 2020 17:01:23,668 [main] DEBUG ru.sfedu.course_project.api.DataProviderCSV - java.io.FileWriter@2250b9f2
21 нояб. 2020 17:04:48,142 [main] DEBUG ru.sfedu.course_project.api.DataProviderCSV - com.opencsv.bean.CsvToBean@7e7b159b
24 нояб. 2020 19:31:16,238 [main] DEBUG ru.sfedu.course_project.Main - csv
24 нояб. 2020 19:31:16,247 [main] DEBUG ru.sfedu.course_project.api.DataProvider - csv
